<?xml version="1.0" encoding="UTF-8"?><testsuite errors="1" failures="0" name="org.example.features.search.SearchByKeywordStory" skipped="0" tests="1" time="10.33" timestamp="2022-05-07 01:11:35"><testcase classname="org.example.features.search.SearchByKeywordStory" name="Sequence test"><error message="element not interactable&#10;  (Session info: chrome=101.0.4951.54)&#10;Build info: version: '3.141.59', revision: 'e82be7d358', time: '2018-11-14T08:17:03'&#10;System info: host: 'PICIU', ip: '192.168.1.187', os.name: 'Windows 11', os.arch: 'amd64', os.version: '10.0', java.version: '15.0.7'&#10;Driver info: org.openqa.selenium.chrome.ChromeDriver&#10;Capabilities {acceptInsecureCerts: false, browserName: chrome, browserVersion: 101.0.4951.54, chrome: {chromedriverVersion: 101.0.4951.41 (93c720db8323..., userDataDir: C:\Users\junki\AppData\Loca...}, goog:chromeOptions: {debuggerAddress: localhost:59058}, javascriptEnabled: true, networkConnectionEnabled: false, pageLoadStrategy: normal, platform: WINDOWS, platformName: WINDOWS, proxy: Proxy(), setWindowRect: true, strictFileInteractability: false, timeouts: {implicit: 0, pageLoad: 300000, script: 30000}, unhandledPromptBehavior: dismiss and notify, webauthn:extension:credBlob: true, webauthn:extension:largeBlob: true, webauthn:virtualAuthenticators: true}&#10;Session ID: d35aa89881409f815a85699e0f469bb3" type="org.openqa.selenium.ElementNotInteractableException">element not interactable
  (Session info: chrome=101.0.4951.54)
Build info: version: '3.141.59', revision: 'e82be7d358', time: '2018-11-14T08:17:03'
System info: host: 'PICIU', ip: '192.168.1.187', os.name: 'Windows 11', os.arch: 'amd64', os.version: '10.0', java.version: '15.0.7'
Driver info: org.openqa.selenium.chrome.ChromeDriver
Capabilities {acceptInsecureCerts: false, browserName: chrome, browserVersion: 101.0.4951.54, chrome: {chromedriverVersion: 101.0.4951.41 (93c720db8323..., userDataDir: C:\Users\junki\AppData\Loca...}, goog:chromeOptions: {debuggerAddress: localhost:59058}, javascriptEnabled: true, networkConnectionEnabled: false, pageLoadStrategy: normal, platform: WINDOWS, platformName: WINDOWS, proxy: Proxy(), setWindowRect: true, strictFileInteractability: false, timeouts: {implicit: 0, pageLoad: 300000, script: 30000}, unhandledPromptBehavior: dismiss and notify, webauthn:extension:credBlob: true, webauthn:extension:largeBlob: true, webauthn:virtualAuthenticators: true}
Session ID: d35aa89881409f815a85699e0f469bb3</error><system-err>element not interactable
  (Session info: chrome=101.0.4951.54)
Build info: version: '3.141.59', revision: 'e82be7d358', time: '2018-11-14T08:17:03'
System info: host: 'PICIU', ip: '192.168.1.187', os.name: 'Windows 11', os.arch: 'amd64', os.version: '10.0', java.version: '15.0.7'
Driver info: org.openqa.selenium.chrome.ChromeDriver
Capabilities {acceptInsecureCerts: false, browserName: chrome, browserVersion: 101.0.4951.54, chrome: {chromedriverVersion: 101.0.4951.41 (93c720db8323..., userDataDir: C:\Users\junki\AppData\Loca...}, goog:chromeOptions: {debuggerAddress: localhost:59058}, javascriptEnabled: true, networkConnectionEnabled: false, pageLoadStrategy: normal, platform: WINDOWS, platformName: WINDOWS, proxy: Proxy(), setWindowRect: true, strictFileInteractability: false, timeouts: {implicit: 0, pageLoad: 300000, script: 30000}, unhandledPromptBehavior: dismiss and notify, webauthn:extension:credBlob: true, webauthn:extension:largeBlob: true, webauthn:virtualAuthenticators: true}
Session ID: d35aa89881409f815a85699e0f469bb3&#13;
org.example.pages.ShopPage.clicksOn(ShopPage.java:45)&#13;
org.example.steps.serenity.EndUserSteps.clicks_on_product(EndUserSteps.java:26)&#13;
org.example.features.search.SearchByKeywordStory.sequence_test(SearchByKeywordStory.java:53)&#13;
</system-err></testcase></testsuite>